{"ts":1690190243776,"action":"PROJECT_OPENED","tags":{"PROJECT_NAME":"MemyAi"}}
{"ts":1690190254428,"action":"IDE_DEACTIVATED"}
{"ts":1690190430352,"action":"IDE_ACTIVATED"}
{"ts":1690190499177,"action":"IDE_DEACTIVATED"}
{"ts":1690190555805,"action":"IDE_ACTIVATED"}
{"ts":1690190569377,"action":"IDE_DEACTIVATED"}
{"ts":1690190574152,"action":"IDE_ACTIVATED"}
{"ts":1690190611061,"action":"IDE_DEACTIVATED"}
{"ts":1690190632293,"action":"IDE_ACTIVATED"}
{"ts":1690190643725,"action":"IDE_DEACTIVATED"}
{"ts":1690190664279,"action":"IDE_ACTIVATED"}
{"ts":1690190670628,"action":"IDE_DEACTIVATED"}
{"ts":1690190674450,"action":"IDE_ACTIVATED"}
{"ts":1690190758919,"action":"FILE_OPENED","file":"/src/WebApi/WebApi.csproj","tags":{"FILE_LINE_OF_CODE":"17"}}
{"ts":1690190785347,"action":"IDE_DEACTIVATED"}
{"ts":1690190790588,"action":"IDE_ACTIVATED"}
{"ts":1690190792399,"action":"FILE_CLOSED","file":"/src/WebApi/WebApi.csproj","tags":{"FILE_LINE_OF_CODE":"17"}}
{"ts":1690190792539,"action":"FILE_OPENED","file":"/src/WebApi/Program.cs","tags":{"FILE_LINE_OF_CODE":"18"}}
{"ts":1690190799488,"action":"FILE_CLOSED","file":"/src/WebApi/Program.cs","tags":{"FILE_LINE_OF_CODE":"18"}}
{"ts":1690190799647,"action":"FILE_OPENED","file":"/src/WebApi/Todo.cs","tags":{"FILE_LINE_OF_CODE":"57"}}
{"ts":1690190801134,"action":"FILE_CLOSED","file":"/src/WebApi/Todo.cs","tags":{"FILE_LINE_OF_CODE":"57"}}
{"ts":1690190801216,"action":"FILE_OPENED","file":"/src/WebApi/Program.cs","tags":{"FILE_LINE_OF_CODE":"18"}}
{"ts":1690190810714,"action":"IDE_DEACTIVATED"}
{"ts":1690190814478,"action":"IDE_ACTIVATED"}
{"ts":1690190838203,"action":"IDE_DEACTIVATED"}
{"ts":1690190841575,"action":"IDE_ACTIVATED"}
{"ts":1690190855579,"action":"IDE_DEACTIVATED"}
{"ts":1690190858526,"action":"IDE_ACTIVATED"}
{"ts":1690190908323,"action":"FILE_OPENED","file":"/src/WebApi/Program.cs","tags":{"FILE_LINE_OF_CODE":"25"}}
{"ts":1690190913118,"action":"FILE_CLOSED","file":"/src/WebApi/Program.cs","tags":{"FILE_LINE_OF_CODE":"25"}}
{"ts":1690190913197,"action":"FILE_OPENED","file":"/src/WebApi/WeatherForecast.cs","tags":{"FILE_LINE_OF_CODE":"11"}}
{"ts":1690190920281,"action":"FILE_CLOSED","file":"/src/WebApi/WeatherForecast.cs","tags":{"FILE_LINE_OF_CODE":"11"}}
{"ts":1690190920281,"action":"FILE_OPENED","file":"/src/WebApi/Controllers/WeatherForecastController.cs","tags":{"FILE_LINE_OF_CODE":"33"}}
{"ts":1690190953523,"action":"IDE_DEACTIVATED"}
{"ts":1690190953528,"action":"IDE_ACTIVATED"}
{"ts":1690190960394,"action":"IDE_DEACTIVATED"}
{"ts":1690190971602,"action":"IDE_ACTIVATED"}
{"ts":1690191022578,"action":"IDE_DEACTIVATED"}
{"ts":1690191025175,"action":"IDE_ACTIVATED"}
{"ts":1690191030373,"action":"FILE_CLOSED","file":"/src/WebApi/Controllers/WeatherForecastController.cs","tags":{"FILE_LINE_OF_CODE":"33"}}
{"ts":1690191060293,"action":"IDE_DEACTIVATED"}
{"ts":1690191062792,"action":"IDE_ACTIVATED"}
{"ts":1690191084041,"action":"FILE_CLOSED","file":"/src/Domain/Class1.cs","tags":{"FILE_LINE_OF_CODE":"5"}}
{"ts":1690191084041,"action":"FILE_OPENED","file":"/src/Application/Class1.cs","tags":{"FILE_LINE_OF_CODE":"5"}}
{"ts":1690191129055,"action":"FILE_CLOSED","file":"/src/Application/Class1.cs","tags":{"FILE_LINE_OF_CODE":"5"}}
{"ts":1690191129055,"action":"FILE_OPENED","file":"/src/Infrastructure/Class1.cs","tags":{"FILE_LINE_OF_CODE":"5"}}
{"ts":1690191169697,"action":"IDE_DEACTIVATED"}
{"ts":1690191200183,"action":"IDE_ACTIVATED"}
{"ts":1690191214818,"action":"FILE_CLOSED","file":"/src/Infrastructure/Class1.cs","tags":{"FILE_LINE_OF_CODE":"5"}}
{"ts":1690191214818,"action":"FILE_OPENED","file":"/src/WebApi/WebApi.csproj","tags":{"FILE_LINE_OF_CODE":"23"}}
{"ts":1690191222064,"action":"FILE_CLOSED","file":"/src/WebApi/WebApi.csproj","tags":{"FILE_LINE_OF_CODE":"23"}}
{"ts":1690191222148,"action":"FILE_OPENED","file":"/src/WebApi/Controllers/WeatherForecastController.cs","tags":{"FILE_LINE_OF_CODE":"33"}}
{"ts":1690191222993,"action":"FILE_CLOSED","file":"/src/WebApi/Controllers/WeatherForecastController.cs","tags":{"FILE_LINE_OF_CODE":"33"}}
{"ts":1690191223079,"action":"FILE_OPENED","file":"/src/WebApi/appsettings.json","tags":{"FILE_LINE_OF_CODE":"10"}}
{"ts":1690191319559,"action":"IDE_DEACTIVATED"}
{"ts":1690191334161,"action":"IDE_ACTIVATED"}
{"ts":1690191344265,"action":"IDE_DEACTIVATED"}
{"ts":1690191361560,"action":"IDE_ACTIVATED"}
{"ts":1690191407967,"action":"FILE_CLOSED","file":"/src/WebApi/appsettings.json","tags":{"FILE_LINE_OF_CODE":"10"}}
{"ts":1690191407967,"action":"FILE_OPENED","file":"/src/Application/Application.csproj","tags":{"FILE_LINE_OF_CODE":"15"}}
{"ts":1690191420627,"action":"FILE_CLOSED","file":"/src/Application/Application.csproj","tags":{"FILE_LINE_OF_CODE":"15"}}
{"ts":1690191420756,"action":"FILE_OPENED","file":"/src/Application/DependencyInjection.cs","tags":{"FILE_LINE_OF_CODE":"5"}}
{"ts":1690191556294,"action":"IDE_DEACTIVATED"}
{"ts":1690191559542,"action":"IDE_ACTIVATED"}
{"ts":1690191559680,"action":"FILE_CLOSED","file":"/src/Application/DependencyInjection.cs","tags":{"FILE_LINE_OF_CODE":"16"}}
{"ts":1690191559680,"action":"FILE_OPENED","file":"/src/Domain/Domain.csproj","tags":{"FILE_LINE_OF_CODE":"10"}}
{"ts":1690191561243,"action":"FILE_CLOSED","file":"/src/Domain/Domain.csproj","tags":{"FILE_LINE_OF_CODE":"10"}}
{"ts":1690191561243,"action":"FILE_OPENED","file":"/src/Application/DependencyInjection.cs","tags":{"FILE_LINE_OF_CODE":"16"}}
{"ts":1690191562976,"action":"FILE_CLOSED","file":"/src/Application/DependencyInjection.cs","tags":{"FILE_LINE_OF_CODE":"16"}}
{"ts":1690191562977,"action":"FILE_OPENED","file":"/src/Infrastructure/Infrastructure.csproj","tags":{"FILE_LINE_OF_CODE":"10"}}
{"ts":1690191565929,"action":"FILE_CLOSED","file":"/src/Infrastructure/Infrastructure.csproj","tags":{"FILE_LINE_OF_CODE":"10"}}
{"ts":1690191565929,"action":"FILE_OPENED","file":"/src/Application/DependencyInjection.cs","tags":{"FILE_LINE_OF_CODE":"16"}}
{"ts":1690191567502,"action":"FILE_CLOSED","file":"/src/Application/DependencyInjection.cs","tags":{"FILE_LINE_OF_CODE":"16"}}
{"ts":1690191567502,"action":"FILE_OPENED","file":"/src/Infrastructure/Infrastructure.csproj","tags":{"FILE_LINE_OF_CODE":"10"}}
{"ts":1690191571430,"action":"IDE_DEACTIVATED"}
{"ts":1690191571443,"action":"FILE_CLOSED","file":"/src/Infrastructure/Infrastructure.csproj","tags":{"FILE_LINE_OF_CODE":"10"}}
{"ts":1690191571751,"action":"FILE_OPENED","file":"/src/Infrastructure/DependencyInjection.cs","tags":{"FILE_LINE_OF_CODE":"16"}}
{"ts":1690191573013,"action":"IDE_ACTIVATED"}
{"ts":1690191625189,"action":"IDE_DEACTIVATED"}
{"ts":1690191647465,"action":"IDE_ACTIVATED"}
{"ts":1690191655331,"action":"IDE_DEACTIVATED"}
{"ts":1690191681782,"action":"IDE_ACTIVATED"}
{"ts":1690191681918,"action":"FILE_CLOSED","file":"/src/Infrastructure/DependencyInjection.cs","tags":{"FILE_LINE_OF_CODE":"10"}}
{"ts":1690191681918,"action":"FILE_OPENED","file":"/MemyAi.sln","tags":{"FILE_LINE_OF_CODE":"35"}}
{"ts":1690191712967,"action":"FILE_CLOSED","file":"/MemyAi.sln","tags":{"FILE_LINE_OF_CODE":"41"}}
{"ts":1690191713144,"action":"FILE_OPENED","file":"/src/Presentation/Class1.cs","tags":{"FILE_LINE_OF_CODE":"5"}}
{"ts":1690191725067,"action":"FILE_CLOSED","file":"/src/Presentation/Class1.cs","tags":{"FILE_LINE_OF_CODE":"5"}}
{"ts":1690191725067,"action":"FILE_OPENED","file":"/src/Infrastructure/Class1.cs","tags":{"FILE_LINE_OF_CODE":"5"}}
{"ts":1690191728572,"action":"FILE_OPENED","file":"/src/Application/Class1.cs","tags":{"FILE_LINE_OF_CODE":"5"}}
{"ts":1690191728610,"action":"FILE_CLOSED","file":"/src/Application/Class1.cs","tags":{"FILE_LINE_OF_CODE":"5"}}
{"ts":1690191728610,"action":"FILE_OPENED","file":"/src/Infrastructure/Infrastructure.csproj","tags":{"FILE_LINE_OF_CODE":"16"}}
{"ts":1690191730966,"action":"FILE_CLOSED","file":"/src/Infrastructure/Infrastructure.csproj","tags":{"FILE_LINE_OF_CODE":"16"}}
{"ts":1690191730966,"action":"FILE_OPENED","file":"/src/Domain/Class1.cs","tags":{"FILE_LINE_OF_CODE":"5"}}
{"ts":1690191733374,"action":"FILE_OPENED","file":"/src/WebApi/WeatherForecast.cs","tags":{"FILE_LINE_OF_CODE":"11"}}
{"ts":1690191733376,"action":"FILE_CLOSED","file":"/src/WebApi/WeatherForecast.cs","tags":{"FILE_LINE_OF_CODE":"11"}}
{"ts":1690191733376,"action":"FILE_OPENED","file":"/src/Application/Class1.cs","tags":{"FILE_LINE_OF_CODE":"5"}}
{"ts":1690191735673,"action":"FILE_OPENED","file":"/src/WebApi/WeatherForecast.cs","tags":{"FILE_LINE_OF_CODE":"11"}}
{"ts":1690191735675,"action":"FILE_CLOSED","file":"/src/WebApi/WeatherForecast.cs","tags":{"FILE_LINE_OF_CODE":"11"}}
{"ts":1690191735675,"action":"FILE_OPENED","file":"/src/Presentation/Class1.cs","tags":{"FILE_LINE_OF_CODE":"5"}}
{"ts":1690191739033,"action":"FILE_CLOSED","file":"/src/Presentation/Class1.cs","tags":{"FILE_LINE_OF_CODE":"5"}}
{"ts":1690191740244,"action":"FILE_OPENED","file":"/src/Infrastructure/DependencyInjection.cs","tags":{"FILE_LINE_OF_CODE":"10"}}
{"ts":1690191740294,"action":"FILE_CLOSED","file":"/src/Infrastructure/DependencyInjection.cs","tags":{"FILE_LINE_OF_CODE":"10"}}
{"ts":1690191740294,"action":"FILE_OPENED","file":"/src/Presentation/Class1.cs","tags":{"FILE_LINE_OF_CODE":"5"}}
{"ts":1690191758177,"action":"FILE_OPENED","file":"/src/Infrastructure/DependencyInjection.cs","tags":{"FILE_LINE_OF_CODE":"10"}}
{"ts":1690191758225,"action":"FILE_CLOSED","file":"/src/Infrastructure/DependencyInjection.cs","tags":{"FILE_LINE_OF_CODE":"10"}}
{"ts":1690191758225,"action":"FILE_OPENED","file":"/src/WebApi/Program.cs","tags":{"FILE_LINE_OF_CODE":"25"}}
{"ts":1690191793173,"action":"FILE_CLOSED","file":"/src/WebApi/Program.cs","tags":{"FILE_LINE_OF_CODE":"33"}}
{"ts":1690191793173,"action":"FILE_OPENED","file":"/src/Infrastructure/DependencyInjection.cs","tags":{"FILE_LINE_OF_CODE":"10"}}
{"ts":1690191795087,"action":"FILE_CLOSED","file":"/src/Infrastructure/DependencyInjection.cs","tags":{"FILE_LINE_OF_CODE":"10"}}
{"ts":1690191795087,"action":"FILE_OPENED","file":"/src/Presentation/Presentation.csproj","tags":{"FILE_LINE_OF_CODE":"10"}}
{"ts":1690191797716,"action":"FILE_CLOSED","file":"/src/Presentation/Presentation.csproj","tags":{"FILE_LINE_OF_CODE":"10"}}
{"ts":1690191797956,"action":"FILE_OPENED","file":"/src/Presentation/DependencyInjection.cs","tags":{"FILE_LINE_OF_CODE":"10"}}
{"ts":1690191821055,"action":"FILE_CLOSED","file":"/src/Presentation/DependencyInjection.cs","tags":{"FILE_LINE_OF_CODE":"10"}}
{"ts":1690191821055,"action":"FILE_OPENED","file":"/src/WebApi/Program.cs","tags":{"FILE_LINE_OF_CODE":"33"}}
{"ts":1690191830513,"action":"IDE_DEACTIVATED"}
{"ts":1690191839918,"action":"IDE_ACTIVATED"}
{"ts":1690191840103,"action":"FILE_CLOSED","file":"/src/WebApi/Program.cs","tags":{"FILE_LINE_OF_CODE":"34"}}
{"ts":1690191840103,"action":"FILE_OPENED","file":"/src/WebApi/WebApi.csproj","tags":{"FILE_LINE_OF_CODE":"30"}}
{"ts":1690191850456,"action":"IDE_DEACTIVATED"}
{"ts":1690191853591,"action":"IDE_ACTIVATED"}
{"ts":1690191885469,"action":"FILE_CLOSED","file":"/src/WebApi/WebApi.csproj","tags":{"FILE_LINE_OF_CODE":"31"}}
{"ts":1690191885469,"action":"FILE_OPENED","file":"/src/WebApi/Program.cs","tags":{"FILE_LINE_OF_CODE":"34"}}
{"ts":1690191888221,"action":"IDE_DEACTIVATED"}
{"ts":1690191892609,"action":"IDE_ACTIVATED"}
{"ts":1690191913314,"action":"IDE_DEACTIVATED"}
{"ts":1690191918542,"action":"IDE_ACTIVATED"}
{"ts":1690191956484,"action":"IDE_DEACTIVATED"}
{"ts":1690191959172,"action":"IDE_ACTIVATED"}
{"ts":1690191968235,"action":"FILE_CLOSED","file":"/src/WebApi/Program.cs","tags":{"FILE_LINE_OF_CODE":"38"}}
{"ts":1690191968235,"action":"FILE_OPENED","file":"/src/WebApi/appsettings.json","tags":{"FILE_LINE_OF_CODE":"10"}}
{"ts":1690191969873,"action":"FILE_CLOSED","file":"/src/WebApi/appsettings.json","tags":{"FILE_LINE_OF_CODE":"10"}}
{"ts":1690191969873,"action":"FILE_OPENED","file":"/src/WebApi/WebApi.csproj","tags":{"FILE_LINE_OF_CODE":"31"}}
{"ts":1690191970630,"action":"FILE_CLOSED","file":"/src/WebApi/WebApi.csproj","tags":{"FILE_LINE_OF_CODE":"31"}}
{"ts":1690191970630,"action":"FILE_OPENED","file":"/src/WebApi/appsettings.json","tags":{"FILE_LINE_OF_CODE":"10"}}
{"ts":1690191983050,"action":"IDE_DEACTIVATED"}
{"ts":1690191986768,"action":"IDE_ACTIVATED"}
{"ts":1690192064017,"action":"IDE_DEACTIVATED"}
{"ts":1690192066619,"action":"IDE_ACTIVATED"}
{"ts":1690192109057,"action":"IDE_DEACTIVATED"}
{"ts":1690192119220,"action":"IDE_ACTIVATED"}
{"ts":1690192127475,"action":"FILE_CLOSED","file":"/src/WebApi/appsettings.json","tags":{"FILE_LINE_OF_CODE":"29"}}
{"ts":1690192127475,"action":"FILE_OPENED","file":"/src/WebApi/Program.cs","tags":{"FILE_LINE_OF_CODE":"38"}}
{"ts":1690192198287,"action":"IDE_DEACTIVATED"}
{"ts":1690192207551,"action":"IDE_ACTIVATED"}
{"ts":1690192250990,"action":"IDE_DEACTIVATED"}
{"ts":1690192260024,"action":"IDE_ACTIVATED"}
{"ts":1690192269362,"action":"IDE_DEACTIVATED"}
{"ts":1690192279447,"action":"IDE_ACTIVATED"}
{"ts":1690192300589,"action":"IDE_DEACTIVATED"}
{"ts":1690192350270,"action":"IDE_ACTIVATED"}
{"ts":1690192350397,"action":"FILE_CLOSED","file":"/src/WebApi/Program.cs","tags":{"FILE_LINE_OF_CODE":"40"}}
{"ts":1690192350397,"action":"FILE_OPENED","file":"/src/WebApi/appsettings.json","tags":{"FILE_LINE_OF_CODE":"29"}}
{"ts":1690192383445,"action":"FILE_CLOSED","file":"/src/WebApi/appsettings.json","tags":{"FILE_LINE_OF_CODE":"29"}}
{"ts":1690192383445,"action":"FILE_OPENED","file":"/src/WebApi/Program.cs","tags":{"FILE_LINE_OF_CODE":"40"}}
{"ts":1690192386146,"action":"IDE_DEACTIVATED"}
{"ts":1690192389433,"action":"IDE_ACTIVATED"}
{"ts":1690192395522,"action":"IDE_DEACTIVATED"}
{"ts":1690192404025,"action":"IDE_ACTIVATED"}
{"ts":1690192404157,"action":"FILE_CLOSED","file":"/src/WebApi/Program.cs","tags":{"FILE_LINE_OF_CODE":"40"}}
{"ts":1690192404157,"action":"FILE_OPENED","file":"/src/WebApi/appsettings.json","tags":{"FILE_LINE_OF_CODE":"29"}}
{"ts":1690192416938,"action":"IDE_DEACTIVATED"}
{"ts":1690192440766,"action":"IDE_ACTIVATED"}
{"ts":1690192461340,"action":"IDE_DEACTIVATED"}
{"ts":1690192478579,"action":"IDE_ACTIVATED"}
{"ts":1690192478610,"action":"FILE_CLOSED","file":"/src/WebApi/appsettings.json","tags":{"FILE_LINE_OF_CODE":"29"}}
{"ts":1690192478610,"action":"FILE_OPENED","file":"/src/WebApi/Program.cs","tags":{"FILE_LINE_OF_CODE":"40"}}
{"ts":1690192504610,"action":"FILE_CLOSED","file":"/src/WebApi/Program.cs","tags":{"FILE_LINE_OF_CODE":"40"}}
{"ts":1690192504610,"action":"FILE_OPENED","file":"/src/WebApi/appsettings.json","tags":{"FILE_LINE_OF_CODE":"29"}}
{"ts":1690192507120,"action":"IDE_DEACTIVATED"}
{"ts":1690192576366,"action":"IDE_ACTIVATED"}
{"ts":1690192634401,"action":"IDE_DEACTIVATED"}
{"ts":1690192639805,"action":"IDE_ACTIVATED"}
{"ts":1690192658366,"action":"IDE_DEACTIVATED"}
{"ts":1690192666144,"action":"IDE_ACTIVATED"}
{"ts":1690192666242,"action":"FILE_CLOSED","file":"/src/WebApi/appsettings.json","tags":{"FILE_LINE_OF_CODE":"29"}}
{"ts":1690192666242,"action":"FILE_OPENED","file":"/src/Domain/Domain.csproj","tags":{"FILE_LINE_OF_CODE":"10"}}
{"ts":1690192727822,"action":"FILE_CLOSED","file":"/src/Domain/Domain.csproj","tags":{"FILE_LINE_OF_CODE":"14"}}
{"ts":1690192727823,"action":"FILE_OPENED","file":"/src/Application/Application.csproj","tags":{"FILE_LINE_OF_CODE":"15"}}
{"ts":1690192794739,"action":"IDE_DEACTIVATED"}
{"ts":1690192889974,"action":"IDE_ACTIVATED"}
{"ts":1690192890086,"action":"FILE_CLOSED","file":"/src/Application/Application.csproj","tags":{"FILE_LINE_OF_CODE":"19"}}
{"ts":1690192890086,"action":"FILE_OPENED","file":"/src/Infrastructure/Infrastructure.csproj","tags":{"FILE_LINE_OF_CODE":"16"}}
{"ts":1690192929301,"action":"FILE_CLOSED","file":"/src/Infrastructure/Infrastructure.csproj","tags":{"FILE_LINE_OF_CODE":"20"}}
{"ts":1690192929301,"action":"FILE_OPENED","file":"/src/WebApi/Program.cs","tags":{"FILE_LINE_OF_CODE":"40"}}
{"ts":1690193127857,"action":"IDE_DEACTIVATED"}
{"ts":1690193149217,"action":"IDE_ACTIVATED"}
{"ts":1690193238121,"action":"IDE_DEACTIVATED"}
{"ts":1690193240792,"action":"IDE_ACTIVATED"}
{"ts":1690193250959,"action":"IDE_DEACTIVATED"}
{"ts":1690193257622,"action":"IDE_ACTIVATED"}
{"ts":1690193285510,"action":"FILE_CLOSED","file":"/src/WebApi/Program.cs","tags":{"FILE_LINE_OF_CODE":"40"}}
{"ts":1690193285510,"action":"FILE_OPENED","file":"/src/Infrastructure/Infrastructure.csproj","tags":{"FILE_LINE_OF_CODE":"20"}}
{"ts":1690193285513,"action":"FILE_CLOSED","file":"/src/Infrastructure/Infrastructure.csproj","tags":{"FILE_LINE_OF_CODE":"20"}}
{"ts":1690193285513,"action":"FILE_OPENED","file":"/src/WebApi/appsettings.json","tags":{"FILE_LINE_OF_CODE":"29"}}
{"ts":1690193308180,"action":"IDE_DEACTIVATED"}
{"ts":1690193313835,"action":"IDE_ACTIVATED"}
{"ts":1690193322990,"action":"IDE_DEACTIVATED"}
{"ts":1690193324958,"action":"IDE_ACTIVATED"}
{"ts":1690193513182,"action":"FILE_CLOSED","file":"/src/WebApi/appsettings.json","tags":{"FILE_LINE_OF_CODE":"29"}}
{"ts":1690193513182,"action":"FILE_OPENED","file":"/src/WebApi/Program.cs","tags":{"FILE_LINE_OF_CODE":"40"}}
{"ts":1690193540193,"action":"IDE_DEACTIVATED"}
{"ts":1690193550847,"action":"IDE_ACTIVATED"}
